Determining if the pthread_create exist failed with the following output:
Change Dir: /home/yoo/Develop/GamesDev/CocoGravity/linux-build/CMakeFiles/CMakeTmp

Run Build Command:"/usr/bin/make" "cmTC_1cd36/fast"
/usr/bin/make -f CMakeFiles/cmTC_1cd36.dir/build.make CMakeFiles/cmTC_1cd36.dir/build
make[1]: Entering directory '/home/yoo/Develop/GamesDev/CocoGravity/linux-build/CMakeFiles/CMakeTmp'
Building C object CMakeFiles/cmTC_1cd36.dir/CheckSymbolExists.c.o
/usr/bin/cc    -std=c99 -fPIC    -o CMakeFiles/cmTC_1cd36.dir/CheckSymbolExists.c.o   -c /home/yoo/Develop/GamesDev/CocoGravity/linux-build/CMakeFiles/CMakeTmp/CheckSymbolExists.c
Linking C executable cmTC_1cd36
/usr/bin/cmake -E cmake_link_script CMakeFiles/cmTC_1cd36.dir/link.txt --verbose=1
/usr/bin/cc   -std=c99 -fPIC     CMakeFiles/cmTC_1cd36.dir/CheckSymbolExists.c.o  -o cmTC_1cd36 -rdynamic 
CMakeFiles/cmTC_1cd36.dir/CheckSymbolExists.c.o: In function `main':
CheckSymbolExists.c:(.text+0x1b): undefined reference to `pthread_create'
collect2: error: ld returned 1 exit status
CMakeFiles/cmTC_1cd36.dir/build.make:97: recipe for target 'cmTC_1cd36' failed
make[1]: *** [cmTC_1cd36] Error 1
make[1]: Leaving directory '/home/yoo/Develop/GamesDev/CocoGravity/linux-build/CMakeFiles/CMakeTmp'
Makefile:126: recipe for target 'cmTC_1cd36/fast' failed
make: *** [cmTC_1cd36/fast] Error 2

File /home/yoo/Develop/GamesDev/CocoGravity/linux-build/CMakeFiles/CMakeTmp/CheckSymbolExists.c:
/* */
#include <pthread.h>

int main(int argc, char** argv)
{
  (void)argv;
#ifndef pthread_create
  return ((int*)(&pthread_create))[argc];
#else
  (void)argc;
  return 0;
#endif
}

Determining if the function pthread_create exists in the pthreads failed with the following output:
Change Dir: /home/yoo/Develop/GamesDev/CocoGravity/linux-build/CMakeFiles/CMakeTmp

Run Build Command:"/usr/bin/make" "cmTC_daa59/fast"
/usr/bin/make -f CMakeFiles/cmTC_daa59.dir/build.make CMakeFiles/cmTC_daa59.dir/build
make[1]: Entering directory '/home/yoo/Develop/GamesDev/CocoGravity/linux-build/CMakeFiles/CMakeTmp'
Building C object CMakeFiles/cmTC_daa59.dir/CheckFunctionExists.c.o
/usr/bin/cc    -std=c99 -fPIC -DCHECK_FUNCTION_EXISTS=pthread_create   -o CMakeFiles/cmTC_daa59.dir/CheckFunctionExists.c.o   -c /usr/share/cmake-3.5/Modules/CheckFunctionExists.c
Linking C executable cmTC_daa59
/usr/bin/cmake -E cmake_link_script CMakeFiles/cmTC_daa59.dir/link.txt --verbose=1
/usr/bin/cc   -std=c99 -fPIC -DCHECK_FUNCTION_EXISTS=pthread_create    CMakeFiles/cmTC_daa59.dir/CheckFunctionExists.c.o  -o cmTC_daa59 -rdynamic -lpthreads 
/usr/bin/ld: cannot find -lpthreads
collect2: error: ld returned 1 exit status
CMakeFiles/cmTC_daa59.dir/build.make:97: recipe for target 'cmTC_daa59' failed
make[1]: *** [cmTC_daa59] Error 1
make[1]: Leaving directory '/home/yoo/Develop/GamesDev/CocoGravity/linux-build/CMakeFiles/CMakeTmp'
Makefile:126: recipe for target 'cmTC_daa59/fast' failed
make: *** [cmTC_daa59/fast] Error 2


